<?xml version="1.0" encoding="UTF-8"?>
<!-- Generated by org.testng.reporters.JUnitXMLReporter -->
<testsuite ignored="6" hostname="Harinder" failures="0" tests="1" name="Default test" time="2.196" errors="0" timestamp="2024-05-06T14:48:23 EDT">
  <testcase classname="com.HarinderKaur.RestAutomation.UniversityApiTests" name="testHappyPath" time="2.152"/>
  <testcase classname="com.HarinderKaur.RestAutomation.UniversityApiTests" name="testUnencodedParameter" time="0.0">
    <ignored/>
  </testcase> <!-- testUnencodedParameter -->
  <testcase classname="com.HarinderKaur.RestAutomation.UniversityApiTests" name="getUniversityInformation" time="0.0">
    <ignored/>
  </testcase> <!-- getUniversityInformation -->
  <testcase classname="com.HarinderKaur.RestAutomation.UniversityApiTests" name="testUrlPathError" time="0.0">
    <ignored/>
  </testcase> <!-- testUrlPathError -->
  <testcase classname="com.HarinderKaur.RestAutomation.UniversityApiTests" name="testUnauthorized" time="0.0">
    <ignored/>
  </testcase> <!-- testUnauthorized -->
  <testcase classname="com.HarinderKaur.RestAutomation.UniversityApiTests" name="addUniversity" time="0.0">
    <ignored/>
  </testcase> <!-- addUniversity -->
  <testcase classname="com.HarinderKaur.RestAutomation.UniversityApiTests" name="getAllUniversities" time="0.0">
    <ignored/>
  </testcase> <!-- getAllUniversities -->
</testsuite> <!-- Default test -->
