<?xml version="1.0" encoding="UTF-8"?>
<testng-results ignored="6" total="7" passed="1" failed="0" skipped="0">
  <reporter-output>
  </reporter-output>
  <suite started-at="2024-05-06T14:48:21 EDT" name="Default suite" finished-at="2024-05-06T14:48:23 EDT" duration-ms="2196">
    <groups>
    </groups>
    <test started-at="2024-05-06T14:48:21 EDT" name="Default test" finished-at="2024-05-06T14:48:23 EDT" duration-ms="2196">
      <class name="com.HarinderKaur.RestAutomation.UniversityApiTests">
        <test-method signature="testHappyPath()[pri:0, instance:com.HarinderKaur.RestAutomation.UniversityApiTests@346d61be]" started-at="2024-05-06T14:48:21 EDT" name="testHappyPath" finished-at="2024-05-06T14:48:23 EDT" duration-ms="2152" status="PASS">
          <reporter-output>
          </reporter-output>
        </test-method> <!-- testHappyPath -->
      </class> <!-- com.HarinderKaur.RestAutomation.UniversityApiTests -->
    </test> <!-- Default test -->
  </suite> <!-- Default suite -->
</testng-results>
